2021-02-07 08:30:00.8357|INFO|CityInfo.API.Program|Initializing application...
2021-02-07 08:30:02.5713|INFO|Microsoft.AspNetCore.DataProtection.KeyManagement.XmlKeyManager|User profile is available. Using 'C:\Users\udara\AppData\Local\ASP.NET\DataProtection-Keys' as key repository and Windows DPAPI to encrypt keys at rest.
2021-02-07 08:30:02.9571|INFO|Microsoft.AspNetCore.Hosting.Internal.WebHost|Request starting HTTP/1.1 GET http://localhost:1028/  
2021-02-07 08:30:02.9571|INFO|Microsoft.AspNetCore.Hosting.Internal.WebHost|Request starting HTTP/1.1 DEBUG http://localhost:1028/  0
2021-02-07 08:30:02.9728|INFO|Microsoft.AspNetCore.Hosting.Internal.WebHost|Request finished in 17.3377ms 200 
2021-02-07 08:30:03.0246|INFO|Microsoft.AspNetCore.Hosting.Internal.WebHost|Request finished in 69.9328ms 404 text/plain
2021-02-07 08:30:03.1178|INFO|Microsoft.AspNetCore.Hosting.Internal.WebHost|Request starting HTTP/1.1 GET http://localhost:1028/favicon.ico  
2021-02-07 08:30:03.1178|INFO|Microsoft.AspNetCore.Hosting.Internal.WebHost|Request finished in 2.6774ms 404 text/plain
2021-02-07 08:30:38.3024|INFO|Microsoft.AspNetCore.Hosting.Internal.WebHost|Request starting HTTP/1.1 PUT http://localhost:1028/api/cities/1/pointsofinterest/1 application/json 132
2021-02-07 08:30:38.3298|INFO|Microsoft.AspNetCore.Mvc.Internal.ControllerActionInvoker|Route matched with {action = "UpdatePointOfInterest", controller = "PointOfInterest"}. Executing controller action with signature Microsoft.AspNetCore.Mvc.IActionResult UpdatePointOfInterest(Int32, Int32, CityInfo.API.Models.PointOfInterestForUpdateDto) on controller CityInfo.API.Controllers.PointOfInterestController (CityInfo.API).
2021-02-07 08:30:38.6743|INFO|Microsoft.AspNetCore.Mvc.Internal.ControllerActionInvoker|Executing action method CityInfo.API.Controllers.PointOfInterestController.UpdatePointOfInterest (CityInfo.API) - Validation state: Valid
2021-02-07 08:30:38.8235|INFO|Microsoft.EntityFrameworkCore.Infrastructure|Entity Framework Core 2.1.14-servicing-32113 initialized 'CityInfoContext' using provider 'Microsoft.EntityFrameworkCore.SqlServer' with options: None
2021-02-07 08:30:38.9892|INFO|Microsoft.EntityFrameworkCore.Database.Command|Executed DbCommand (6ms) [Parameters=[@__cityId_0='?' (DbType = Int32)], CommandType='Text', CommandTimeout='30']
SELECT CASE
    WHEN EXISTS (
        SELECT 1
        FROM [Cities] AS [c]
        WHERE [c].[Id] = @__cityId_0)
    THEN CAST(1 AS BIT) ELSE CAST(0 AS BIT)
END
2021-02-07 08:30:39.0126|INFO|Microsoft.EntityFrameworkCore.Database.Command|Executed DbCommand (3ms) [Parameters=[@__cityId_0='?' (DbType = Int32), @__pointOfInterestId_1='?' (DbType = Int32)], CommandType='Text', CommandTimeout='30']
SELECT TOP(1) [p].[Id], [p].[CityId], [p].[Description], [p].[Name]
FROM [PointsOfInterest] AS [p]
WHERE ([p].[CityId] = @__cityId_0) AND ([p].[Id] = @__pointOfInterestId_1)
2021-02-07 08:30:39.0583|INFO|Microsoft.EntityFrameworkCore.Database.Command|Executed DbCommand (4ms) [Parameters=[@p2='?' (DbType = Int32), @p0='?' (Size = 200), @p1='?' (Size = 50)], CommandType='Text', CommandTimeout='30']
SET NOCOUNT ON;
UPDATE [PointsOfInterest] SET [Description] = @p0, [Name] = @p1
WHERE [Id] = @p2;
SELECT @@ROWCOUNT;
2021-02-07 08:30:39.0583|INFO|Microsoft.AspNetCore.Mvc.Internal.ControllerActionInvoker|Executed action method CityInfo.API.Controllers.PointOfInterestController.UpdatePointOfInterest (CityInfo.API), returned result Microsoft.AspNetCore.Mvc.NoContentResult in 386.027ms.
2021-02-07 08:30:39.0714|INFO|Microsoft.AspNetCore.Mvc.StatusCodeResult|Executing HttpStatusCodeResult, setting HTTP status code 204
2021-02-07 08:30:39.0714|INFO|Microsoft.AspNetCore.Mvc.Internal.ControllerActionInvoker|Executed action CityInfo.API.Controllers.PointOfInterestController.UpdatePointOfInterest (CityInfo.API) in 741.8965ms
2021-02-07 08:30:39.0816|INFO|Microsoft.AspNetCore.Hosting.Internal.WebHost|Request finished in 780.3274ms 204 
2021-02-07 08:30:56.8299|INFO|Microsoft.AspNetCore.Hosting.Internal.WebHost|Request starting HTTP/1.1 GET http://localhost:1028/api/cities/1/pointsofinterest/1 application/json 132
2021-02-07 08:30:56.8361|INFO|Microsoft.AspNetCore.Mvc.Internal.ControllerActionInvoker|Route matched with {action = "GetPointOfInterest", controller = "PointOfInterest"}. Executing controller action with signature Microsoft.AspNetCore.Mvc.IActionResult GetPointOfInterest(Int32, Int32) on controller CityInfo.API.Controllers.PointOfInterestController (CityInfo.API).
2021-02-07 08:30:56.8361|INFO|Microsoft.AspNetCore.Mvc.Internal.ControllerActionInvoker|Executing action method CityInfo.API.Controllers.PointOfInterestController.GetPointOfInterest (CityInfo.API) - Validation state: Valid
2021-02-07 08:30:56.8481|INFO|Microsoft.EntityFrameworkCore.Infrastructure|Entity Framework Core 2.1.14-servicing-32113 initialized 'CityInfoContext' using provider 'Microsoft.EntityFrameworkCore.SqlServer' with options: None
2021-02-07 08:30:56.8481|INFO|Microsoft.EntityFrameworkCore.Database.Command|Executed DbCommand (0ms) [Parameters=[@__cityId_0='?' (DbType = Int32)], CommandType='Text', CommandTimeout='30']
SELECT CASE
    WHEN EXISTS (
        SELECT 1
        FROM [Cities] AS [c]
        WHERE [c].[Id] = @__cityId_0)
    THEN CAST(1 AS BIT) ELSE CAST(0 AS BIT)
END
2021-02-07 08:30:56.8481|INFO|Microsoft.EntityFrameworkCore.Database.Command|Executed DbCommand (0ms) [Parameters=[@__cityId_0='?' (DbType = Int32), @__pointOfInterestId_1='?' (DbType = Int32)], CommandType='Text', CommandTimeout='30']
SELECT TOP(1) [p].[Id], [p].[CityId], [p].[Description], [p].[Name]
FROM [PointsOfInterest] AS [p]
WHERE ([p].[CityId] = @__cityId_0) AND ([p].[Id] = @__pointOfInterestId_1)
2021-02-07 08:30:56.8481|INFO|Microsoft.AspNetCore.Mvc.Internal.ControllerActionInvoker|Executed action method CityInfo.API.Controllers.PointOfInterestController.GetPointOfInterest (CityInfo.API), returned result Microsoft.AspNetCore.Mvc.OkObjectResult in 16.7454ms.
2021-02-07 08:30:56.8666|INFO|Microsoft.AspNetCore.Mvc.Infrastructure.ObjectResultExecutor|Executing ObjectResult, writing value of type 'CityInfo.API.Models.PointOfInterestDto'.
2021-02-07 08:30:56.8802|INFO|Microsoft.AspNetCore.Mvc.Internal.ControllerActionInvoker|Executed action CityInfo.API.Controllers.PointOfInterestController.GetPointOfInterest (CityInfo.API) in 42.1221ms
2021-02-07 08:30:56.8802|INFO|Microsoft.AspNetCore.Hosting.Internal.WebHost|Request finished in 52.3499ms 200 application/json; charset=utf-8
2021-02-07 08:30:56.8802|INFO|Microsoft.AspNetCore.Server.Kestrel|Connection id "0HM6B2HRFKQII", Request id "0HM6B2HRFKQII:00000003": the application completed without reading the entire request body.
2021-02-07 08:50:43.6028|INFO|CityInfo.API.Program|Initializing application...
2021-02-07 08:50:45.0561|INFO|Microsoft.AspNetCore.DataProtection.KeyManagement.XmlKeyManager|User profile is available. Using 'C:\Users\udara\AppData\Local\ASP.NET\DataProtection-Keys' as key repository and Windows DPAPI to encrypt keys at rest.
2021-02-07 08:50:45.3981|INFO|Microsoft.AspNetCore.Hosting.Internal.WebHost|Request starting HTTP/1.1 DEBUG http://localhost:1028/  0
2021-02-07 08:50:45.3981|INFO|Microsoft.AspNetCore.Hosting.Internal.WebHost|Request starting HTTP/1.1 GET http://localhost:1028/  
2021-02-07 08:50:45.4216|INFO|Microsoft.AspNetCore.Hosting.Internal.WebHost|Request finished in 23.8347ms 200 
2021-02-07 08:50:45.4766|INFO|Microsoft.AspNetCore.Hosting.Internal.WebHost|Request finished in 79.6433ms 404 text/plain
2021-02-07 08:50:45.5777|INFO|Microsoft.AspNetCore.Hosting.Internal.WebHost|Request starting HTTP/1.1 GET http://localhost:1028/favicon.ico  
2021-02-07 08:50:45.5829|INFO|Microsoft.AspNetCore.Hosting.Internal.WebHost|Request finished in 3.3744ms 404 text/plain
2021-02-07 08:51:03.1605|INFO|Microsoft.AspNetCore.Hosting.Internal.WebHost|Request starting HTTP/1.1 PATCH http://localhost:1028/api/cities/1/pointsofinterest/1 application/json 107
2021-02-07 08:51:03.1909|INFO|Microsoft.AspNetCore.Mvc.Internal.ControllerActionInvoker|Route matched with {action = "PartiallyUpdatePointOfInterest", controller = "PointOfInterest"}. Executing controller action with signature Microsoft.AspNetCore.Mvc.IActionResult PartiallyUpdatePointOfInterest(Int32, Int32, Microsoft.AspNetCore.JsonPatch.JsonPatchDocument`1[CityInfo.API.Models.PointOfInterestForUpdateDto]) on controller CityInfo.API.Controllers.PointOfInterestController (CityInfo.API).
2021-02-07 08:51:03.5373|INFO|Microsoft.AspNetCore.Mvc.Internal.ControllerActionInvoker|Executing action method CityInfo.API.Controllers.PointOfInterestController.PartiallyUpdatePointOfInterest (CityInfo.API) - Validation state: Valid
2021-02-07 08:51:03.6873|INFO|Microsoft.EntityFrameworkCore.Infrastructure|Entity Framework Core 2.1.14-servicing-32113 initialized 'CityInfoContext' using provider 'Microsoft.EntityFrameworkCore.SqlServer' with options: None
2021-02-07 08:51:03.8401|INFO|Microsoft.EntityFrameworkCore.Database.Command|Executed DbCommand (4ms) [Parameters=[@__cityId_0='?' (DbType = Int32)], CommandType='Text', CommandTimeout='30']
SELECT CASE
    WHEN EXISTS (
        SELECT 1
        FROM [Cities] AS [c]
        WHERE [c].[Id] = @__cityId_0)
    THEN CAST(1 AS BIT) ELSE CAST(0 AS BIT)
END
2021-02-07 08:51:03.8692|INFO|Microsoft.EntityFrameworkCore.Database.Command|Executed DbCommand (2ms) [Parameters=[@__cityId_0='?' (DbType = Int32), @__pointOfInterestId_1='?' (DbType = Int32)], CommandType='Text', CommandTimeout='30']
SELECT TOP(1) [p].[Id], [p].[CityId], [p].[Description], [p].[Name]
FROM [PointsOfInterest] AS [p]
WHERE ([p].[CityId] = @__cityId_0) AND ([p].[Id] = @__pointOfInterestId_1)
2021-02-07 08:51:03.9185|INFO|Microsoft.EntityFrameworkCore.Database.Command|Executed DbCommand (2ms) [Parameters=[@p1='?' (DbType = Int32), @p0='?' (Size = 50)], CommandType='Text', CommandTimeout='30']
SET NOCOUNT ON;
UPDATE [PointsOfInterest] SET [Name] = @p0
WHERE [Id] = @p1;
SELECT @@ROWCOUNT;
2021-02-07 08:51:03.9264|INFO|Microsoft.AspNetCore.Mvc.Internal.ControllerActionInvoker|Executed action method CityInfo.API.Controllers.PointOfInterestController.PartiallyUpdatePointOfInterest (CityInfo.API), returned result Microsoft.AspNetCore.Mvc.NoContentResult in 382.5563ms.
2021-02-07 08:51:03.9264|INFO|Microsoft.AspNetCore.Mvc.StatusCodeResult|Executing HttpStatusCodeResult, setting HTTP status code 204
2021-02-07 08:51:03.9264|INFO|Microsoft.AspNetCore.Mvc.Internal.ControllerActionInvoker|Executed action CityInfo.API.Controllers.PointOfInterestController.PartiallyUpdatePointOfInterest (CityInfo.API) in 742.2392ms
2021-02-07 08:51:03.9419|INFO|Microsoft.AspNetCore.Hosting.Internal.WebHost|Request finished in 782.0271ms 204 
2021-02-07 08:51:07.8343|INFO|Microsoft.AspNetCore.Hosting.Internal.WebHost|Request starting HTTP/1.1 GET http://localhost:1028/api/cities/1/pointsofinterest/1 application/json 107
2021-02-07 08:51:07.8343|INFO|Microsoft.AspNetCore.Mvc.Internal.ControllerActionInvoker|Route matched with {action = "GetPointOfInterest", controller = "PointOfInterest"}. Executing controller action with signature Microsoft.AspNetCore.Mvc.IActionResult GetPointOfInterest(Int32, Int32) on controller CityInfo.API.Controllers.PointOfInterestController (CityInfo.API).
2021-02-07 08:51:07.8483|INFO|Microsoft.AspNetCore.Mvc.Internal.ControllerActionInvoker|Executing action method CityInfo.API.Controllers.PointOfInterestController.GetPointOfInterest (CityInfo.API) - Validation state: Valid
2021-02-07 08:51:07.8483|INFO|Microsoft.EntityFrameworkCore.Infrastructure|Entity Framework Core 2.1.14-servicing-32113 initialized 'CityInfoContext' using provider 'Microsoft.EntityFrameworkCore.SqlServer' with options: None
2021-02-07 08:51:07.8483|INFO|Microsoft.EntityFrameworkCore.Database.Command|Executed DbCommand (0ms) [Parameters=[@__cityId_0='?' (DbType = Int32)], CommandType='Text', CommandTimeout='30']
SELECT CASE
    WHEN EXISTS (
        SELECT 1
        FROM [Cities] AS [c]
        WHERE [c].[Id] = @__cityId_0)
    THEN CAST(1 AS BIT) ELSE CAST(0 AS BIT)
END
2021-02-07 08:51:07.8483|INFO|Microsoft.EntityFrameworkCore.Database.Command|Executed DbCommand (0ms) [Parameters=[@__cityId_0='?' (DbType = Int32), @__pointOfInterestId_1='?' (DbType = Int32)], CommandType='Text', CommandTimeout='30']
SELECT TOP(1) [p].[Id], [p].[CityId], [p].[Description], [p].[Name]
FROM [PointsOfInterest] AS [p]
WHERE ([p].[CityId] = @__cityId_0) AND ([p].[Id] = @__pointOfInterestId_1)
2021-02-07 08:51:07.8630|INFO|Microsoft.AspNetCore.Mvc.Internal.ControllerActionInvoker|Executed action method CityInfo.API.Controllers.PointOfInterestController.GetPointOfInterest (CityInfo.API), returned result Microsoft.AspNetCore.Mvc.OkObjectResult in 13.1027ms.
2021-02-07 08:51:07.8630|INFO|Microsoft.AspNetCore.Mvc.Infrastructure.ObjectResultExecutor|Executing ObjectResult, writing value of type 'CityInfo.API.Models.PointOfInterestDto'.
2021-02-07 08:51:07.8793|INFO|Microsoft.AspNetCore.Mvc.Internal.ControllerActionInvoker|Executed action CityInfo.API.Controllers.PointOfInterestController.GetPointOfInterest (CityInfo.API) in 38.7105ms
2021-02-07 08:51:07.8793|INFO|Microsoft.AspNetCore.Hosting.Internal.WebHost|Request finished in 47.4544ms 200 application/json; charset=utf-8
2021-02-07 08:51:07.8793|INFO|Microsoft.AspNetCore.Server.Kestrel|Connection id "0HM6B2TDOIBOI", Request id "0HM6B2TDOIBOI:00000003": the application completed without reading the entire request body.
2021-02-07 21:53:22.0580|INFO|CityInfo.API.Program|Initializing application...
2021-02-07 21:53:25.3410|INFO|Microsoft.AspNetCore.DataProtection.KeyManagement.XmlKeyManager|User profile is available. Using 'C:\Users\udara\AppData\Local\ASP.NET\DataProtection-Keys' as key repository and Windows DPAPI to encrypt keys at rest.
2021-02-07 21:53:25.8396|INFO|Microsoft.AspNetCore.Hosting.Internal.WebHost|Request starting HTTP/1.1 GET http://localhost:1028/  
2021-02-07 21:53:25.8396|INFO|Microsoft.AspNetCore.Hosting.Internal.WebHost|Request starting HTTP/1.1 DEBUG http://localhost:1028/  0
2021-02-07 21:53:25.8631|INFO|Microsoft.AspNetCore.Hosting.Internal.WebHost|Request finished in 22.1669ms 200 
2021-02-07 21:53:25.9193|INFO|Microsoft.AspNetCore.Hosting.Internal.WebHost|Request finished in 79.8154ms 404 text/plain
2021-02-07 21:53:26.0057|INFO|Microsoft.AspNetCore.Hosting.Internal.WebHost|Request starting HTTP/1.1 GET http://localhost:1028/favicon.ico  
2021-02-07 21:53:26.0111|INFO|Microsoft.AspNetCore.Hosting.Internal.WebHost|Request finished in 3.4922ms 404 text/plain
2021-02-07 21:53:51.9281|INFO|Microsoft.AspNetCore.Hosting.Internal.WebHost|Request starting HTTP/1.1 GET http://localhost:1028/api/cities/1/pointsofinterest/1  
2021-02-07 21:53:51.9552|INFO|Microsoft.AspNetCore.Mvc.Internal.ControllerActionInvoker|Route matched with {action = "GetPointOfInterest", controller = "PointOfInterest"}. Executing controller action with signature Microsoft.AspNetCore.Mvc.IActionResult GetPointOfInterest(Int32, Int32) on controller CityInfo.API.Controllers.PointOfInterestController (CityInfo.API).
2021-02-07 21:53:52.2568|INFO|Microsoft.AspNetCore.Mvc.Internal.ControllerActionInvoker|Executing action method CityInfo.API.Controllers.PointOfInterestController.GetPointOfInterest (CityInfo.API) - Validation state: Valid
2021-02-07 21:53:52.4054|INFO|Microsoft.EntityFrameworkCore.Infrastructure|Entity Framework Core 2.1.14-servicing-32113 initialized 'CityInfoContext' using provider 'Microsoft.EntityFrameworkCore.SqlServer' with options: None
2021-02-07 21:53:52.5665|INFO|Microsoft.EntityFrameworkCore.Database.Command|Executed DbCommand (3ms) [Parameters=[@__cityId_0='?' (DbType = Int32)], CommandType='Text', CommandTimeout='30']
SELECT CASE
    WHEN EXISTS (
        SELECT 1
        FROM [Cities] AS [c]
        WHERE [c].[Id] = @__cityId_0)
    THEN CAST(1 AS BIT) ELSE CAST(0 AS BIT)
END
2021-02-07 21:53:52.5919|INFO|Microsoft.EntityFrameworkCore.Database.Command|Executed DbCommand (2ms) [Parameters=[@__cityId_0='?' (DbType = Int32), @__pointOfInterestId_1='?' (DbType = Int32)], CommandType='Text', CommandTimeout='30']
SELECT TOP(1) [p].[Id], [p].[CityId], [p].[Description], [p].[Name]
FROM [PointsOfInterest] AS [p]
WHERE ([p].[CityId] = @__cityId_0) AND ([p].[Id] = @__pointOfInterestId_1)
2021-02-07 21:53:52.6148|INFO|Microsoft.AspNetCore.Mvc.Internal.ControllerActionInvoker|Executed action method CityInfo.API.Controllers.PointOfInterestController.GetPointOfInterest (CityInfo.API), returned result Microsoft.AspNetCore.Mvc.OkObjectResult in 350.5945ms.
2021-02-07 21:53:52.6253|INFO|Microsoft.AspNetCore.Mvc.Infrastructure.ObjectResultExecutor|Executing ObjectResult, writing value of type 'CityInfo.API.Models.PointOfInterestDto'.
2021-02-07 21:53:52.6636|INFO|Microsoft.AspNetCore.Mvc.Internal.ControllerActionInvoker|Executed action CityInfo.API.Controllers.PointOfInterestController.GetPointOfInterest (CityInfo.API) in 701.4172ms
2021-02-07 21:53:52.6636|INFO|Microsoft.AspNetCore.Hosting.Internal.WebHost|Request finished in 739.8818ms 200 application/json; charset=utf-8
2021-02-07 21:53:57.8775|INFO|Microsoft.AspNetCore.Hosting.Internal.WebHost|Request starting HTTP/1.1 DELETE http://localhost:1028/api/cities/1/pointsofinterest/1  
2021-02-07 21:53:57.8775|INFO|Microsoft.AspNetCore.Mvc.Internal.ControllerActionInvoker|Route matched with {action = "DeletePointOfInterest", controller = "PointOfInterest"}. Executing controller action with signature Microsoft.AspNetCore.Mvc.IActionResult DeletePointOfInterest(Int32, Int32) on controller CityInfo.API.Controllers.PointOfInterestController (CityInfo.API).
2021-02-07 21:53:57.8944|INFO|Microsoft.AspNetCore.Mvc.Internal.ControllerActionInvoker|Executing action method CityInfo.API.Controllers.PointOfInterestController.DeletePointOfInterest (CityInfo.API) - Validation state: Valid
2021-02-07 21:53:57.9007|INFO|Microsoft.EntityFrameworkCore.Infrastructure|Entity Framework Core 2.1.14-servicing-32113 initialized 'CityInfoContext' using provider 'Microsoft.EntityFrameworkCore.SqlServer' with options: None
2021-02-07 21:53:57.9007|INFO|Microsoft.EntityFrameworkCore.Database.Command|Executed DbCommand (0ms) [Parameters=[@__cityId_0='?' (DbType = Int32)], CommandType='Text', CommandTimeout='30']
SELECT CASE
    WHEN EXISTS (
        SELECT 1
        FROM [Cities] AS [c]
        WHERE [c].[Id] = @__cityId_0)
    THEN CAST(1 AS BIT) ELSE CAST(0 AS BIT)
END
2021-02-07 21:53:57.9007|INFO|Microsoft.EntityFrameworkCore.Database.Command|Executed DbCommand (0ms) [Parameters=[@__cityId_0='?' (DbType = Int32), @__pointOfInterestId_1='?' (DbType = Int32)], CommandType='Text', CommandTimeout='30']
SELECT TOP(1) [p].[Id], [p].[CityId], [p].[Description], [p].[Name]
FROM [PointsOfInterest] AS [p]
WHERE ([p].[CityId] = @__cityId_0) AND ([p].[Id] = @__pointOfInterestId_1)
2021-02-07 21:53:57.9227|INFO|Microsoft.AspNetCore.Mvc.Internal.ControllerActionInvoker|Executed action method CityInfo.API.Controllers.PointOfInterestController.DeletePointOfInterest (CityInfo.API), returned result Microsoft.AspNetCore.Mvc.NoContentResult in 23.5275ms.
2021-02-07 21:53:57.9292|INFO|Microsoft.AspNetCore.Mvc.StatusCodeResult|Executing HttpStatusCodeResult, setting HTTP status code 204
2021-02-07 21:53:57.9292|INFO|Microsoft.AspNetCore.Mvc.Internal.ControllerActionInvoker|Executed action CityInfo.API.Controllers.PointOfInterestController.DeletePointOfInterest (CityInfo.API) in 45.1705ms
2021-02-07 21:53:57.9292|INFO|Microsoft.AspNetCore.Hosting.Internal.WebHost|Request finished in 56.4793ms 204 
2021-02-07 21:54:04.5199|INFO|Microsoft.AspNetCore.Hosting.Internal.WebHost|Request starting HTTP/1.1 GET http://localhost:1028/api/cities/1/pointsofinterest/1  
2021-02-07 21:54:04.5233|INFO|Microsoft.AspNetCore.Mvc.Internal.ControllerActionInvoker|Route matched with {action = "GetPointOfInterest", controller = "PointOfInterest"}. Executing controller action with signature Microsoft.AspNetCore.Mvc.IActionResult GetPointOfInterest(Int32, Int32) on controller CityInfo.API.Controllers.PointOfInterestController (CityInfo.API).
2021-02-07 21:54:04.5233|INFO|Microsoft.AspNetCore.Mvc.Internal.ControllerActionInvoker|Executing action method CityInfo.API.Controllers.PointOfInterestController.GetPointOfInterest (CityInfo.API) - Validation state: Valid
2021-02-07 21:54:04.5233|INFO|Microsoft.EntityFrameworkCore.Infrastructure|Entity Framework Core 2.1.14-servicing-32113 initialized 'CityInfoContext' using provider 'Microsoft.EntityFrameworkCore.SqlServer' with options: None
2021-02-07 21:54:04.5233|INFO|Microsoft.EntityFrameworkCore.Database.Command|Executed DbCommand (1ms) [Parameters=[@__cityId_0='?' (DbType = Int32)], CommandType='Text', CommandTimeout='30']
SELECT CASE
    WHEN EXISTS (
        SELECT 1
        FROM [Cities] AS [c]
        WHERE [c].[Id] = @__cityId_0)
    THEN CAST(1 AS BIT) ELSE CAST(0 AS BIT)
END
2021-02-07 21:54:04.5393|INFO|Microsoft.EntityFrameworkCore.Database.Command|Executed DbCommand (2ms) [Parameters=[@__cityId_0='?' (DbType = Int32), @__pointOfInterestId_1='?' (DbType = Int32)], CommandType='Text', CommandTimeout='30']
SELECT TOP(1) [p].[Id], [p].[CityId], [p].[Description], [p].[Name]
FROM [PointsOfInterest] AS [p]
WHERE ([p].[CityId] = @__cityId_0) AND ([p].[Id] = @__pointOfInterestId_1)
2021-02-07 21:54:04.5393|INFO|Microsoft.AspNetCore.Mvc.Internal.ControllerActionInvoker|Executed action method CityInfo.API.Controllers.PointOfInterestController.GetPointOfInterest (CityInfo.API), returned result Microsoft.AspNetCore.Mvc.OkObjectResult in 13.296ms.
2021-02-07 21:54:04.5393|INFO|Microsoft.AspNetCore.Mvc.Infrastructure.ObjectResultExecutor|Executing ObjectResult, writing value of type 'CityInfo.API.Models.PointOfInterestDto'.
2021-02-07 21:54:04.5555|INFO|Microsoft.AspNetCore.Mvc.Internal.ControllerActionInvoker|Executed action CityInfo.API.Controllers.PointOfInterestController.GetPointOfInterest (CityInfo.API) in 24.7871ms
2021-02-07 21:54:04.5555|INFO|Microsoft.AspNetCore.Hosting.Internal.WebHost|Request finished in 54.8474ms 200 application/json; charset=utf-8
2021-02-07 21:54:49.5488|INFO|CityInfo.API.Program|Initializing application...
2021-02-07 21:54:50.8698|INFO|Microsoft.AspNetCore.DataProtection.KeyManagement.XmlKeyManager|User profile is available. Using 'C:\Users\udara\AppData\Local\ASP.NET\DataProtection-Keys' as key repository and Windows DPAPI to encrypt keys at rest.
2021-02-07 21:54:51.3214|INFO|Microsoft.AspNetCore.Hosting.Internal.WebHost|Request starting HTTP/1.1 GET http://localhost:1028/api/cities/1/pointsofinterest/1  
2021-02-07 21:54:51.3214|INFO|Microsoft.AspNetCore.Hosting.Internal.WebHost|Request starting HTTP/1.1 GET http://localhost:1028/  
2021-02-07 21:54:51.3214|INFO|Microsoft.AspNetCore.Hosting.Internal.WebHost|Request starting HTTP/1.1 DEBUG http://localhost:1028/  0
2021-02-07 21:54:51.3437|INFO|Microsoft.AspNetCore.Hosting.Internal.WebHost|Request finished in 23.3925ms 200 
2021-02-07 21:54:51.4058|INFO|Microsoft.AspNetCore.Hosting.Internal.WebHost|Request finished in 86.3992ms 404 text/plain
2021-02-07 21:54:51.4405|INFO|Microsoft.AspNetCore.Mvc.Internal.ControllerActionInvoker|Route matched with {action = "GetPointOfInterest", controller = "PointOfInterest"}. Executing controller action with signature Microsoft.AspNetCore.Mvc.IActionResult GetPointOfInterest(Int32, Int32) on controller CityInfo.API.Controllers.PointOfInterestController (CityInfo.API).
2021-02-07 21:54:51.5102|INFO|Microsoft.AspNetCore.Hosting.Internal.WebHost|Request starting HTTP/1.1 GET http://localhost:1028/favicon.ico  
2021-02-07 21:54:51.5102|INFO|Microsoft.AspNetCore.Hosting.Internal.WebHost|Request finished in 2.8731ms 404 text/plain
2021-02-07 21:54:51.7970|INFO|Microsoft.AspNetCore.Mvc.Internal.ControllerActionInvoker|Executing action method CityInfo.API.Controllers.PointOfInterestController.GetPointOfInterest (CityInfo.API) - Validation state: Valid
2021-02-07 21:54:51.9493|INFO|Microsoft.EntityFrameworkCore.Infrastructure|Entity Framework Core 2.1.14-servicing-32113 initialized 'CityInfoContext' using provider 'Microsoft.EntityFrameworkCore.SqlServer' with options: None
2021-02-07 21:54:52.1172|INFO|Microsoft.EntityFrameworkCore.Database.Command|Executed DbCommand (3ms) [Parameters=[@__cityId_0='?' (DbType = Int32)], CommandType='Text', CommandTimeout='30']
SELECT CASE
    WHEN EXISTS (
        SELECT 1
        FROM [Cities] AS [c]
        WHERE [c].[Id] = @__cityId_0)
    THEN CAST(1 AS BIT) ELSE CAST(0 AS BIT)
END
2021-02-07 21:54:52.1417|INFO|Microsoft.EntityFrameworkCore.Database.Command|Executed DbCommand (1ms) [Parameters=[@__cityId_0='?' (DbType = Int32), @__pointOfInterestId_1='?' (DbType = Int32)], CommandType='Text', CommandTimeout='30']
SELECT TOP(1) [p].[Id], [p].[CityId], [p].[Description], [p].[Name]
FROM [PointsOfInterest] AS [p]
WHERE ([p].[CityId] = @__cityId_0) AND ([p].[Id] = @__pointOfInterestId_1)
2021-02-07 21:54:52.1660|INFO|Microsoft.AspNetCore.Mvc.Internal.ControllerActionInvoker|Executed action method CityInfo.API.Controllers.PointOfInterestController.GetPointOfInterest (CityInfo.API), returned result Microsoft.AspNetCore.Mvc.OkObjectResult in 361.76ms.
2021-02-07 21:54:52.1660|INFO|Microsoft.AspNetCore.Mvc.Infrastructure.ObjectResultExecutor|Executing ObjectResult, writing value of type 'CityInfo.API.Models.PointOfInterestDto'.
2021-02-07 21:54:52.2168|INFO|Microsoft.AspNetCore.Mvc.Internal.ControllerActionInvoker|Executed action CityInfo.API.Controllers.PointOfInterestController.GetPointOfInterest (CityInfo.API) in 770.7234ms
2021-02-07 21:54:52.2168|INFO|Microsoft.AspNetCore.Hosting.Internal.WebHost|Request finished in 901.9793ms 200 application/json; charset=utf-8
2021-02-07 21:54:57.3358|INFO|Microsoft.AspNetCore.Hosting.Internal.WebHost|Request starting HTTP/1.1 DELETE http://localhost:1028/api/cities/1/pointsofinterest/1  
2021-02-07 21:54:57.3358|INFO|Microsoft.AspNetCore.Mvc.Internal.ControllerActionInvoker|Route matched with {action = "DeletePointOfInterest", controller = "PointOfInterest"}. Executing controller action with signature Microsoft.AspNetCore.Mvc.IActionResult DeletePointOfInterest(Int32, Int32) on controller CityInfo.API.Controllers.PointOfInterestController (CityInfo.API).
2021-02-07 21:54:57.3358|INFO|Microsoft.AspNetCore.Mvc.Internal.ControllerActionInvoker|Executing action method CityInfo.API.Controllers.PointOfInterestController.DeletePointOfInterest (CityInfo.API) - Validation state: Valid
2021-02-07 21:54:57.3548|INFO|Microsoft.EntityFrameworkCore.Infrastructure|Entity Framework Core 2.1.14-servicing-32113 initialized 'CityInfoContext' using provider 'Microsoft.EntityFrameworkCore.SqlServer' with options: None
2021-02-07 21:54:57.3548|INFO|Microsoft.EntityFrameworkCore.Database.Command|Executed DbCommand (0ms) [Parameters=[@__cityId_0='?' (DbType = Int32)], CommandType='Text', CommandTimeout='30']
SELECT CASE
    WHEN EXISTS (
        SELECT 1
        FROM [Cities] AS [c]
        WHERE [c].[Id] = @__cityId_0)
    THEN CAST(1 AS BIT) ELSE CAST(0 AS BIT)
END
2021-02-07 21:54:57.3548|INFO|Microsoft.EntityFrameworkCore.Database.Command|Executed DbCommand (0ms) [Parameters=[@__cityId_0='?' (DbType = Int32), @__pointOfInterestId_1='?' (DbType = Int32)], CommandType='Text', CommandTimeout='30']
SELECT TOP(1) [p].[Id], [p].[CityId], [p].[Description], [p].[Name]
FROM [PointsOfInterest] AS [p]
WHERE ([p].[CityId] = @__cityId_0) AND ([p].[Id] = @__pointOfInterestId_1)
2021-02-07 21:54:57.4091|INFO|Microsoft.EntityFrameworkCore.Database.Command|Executed DbCommand (4ms) [Parameters=[@p0='?' (DbType = Int32)], CommandType='Text', CommandTimeout='30']
SET NOCOUNT ON;
DELETE FROM [PointsOfInterest]
WHERE [Id] = @p0;
SELECT @@ROWCOUNT;
2021-02-07 21:54:57.4188|INFO|Microsoft.AspNetCore.Mvc.Internal.ControllerActionInvoker|Executed action method CityInfo.API.Controllers.PointOfInterestController.DeletePointOfInterest (CityInfo.API), returned result Microsoft.AspNetCore.Mvc.NoContentResult in 66.6264ms.
2021-02-07 21:54:57.4188|INFO|Microsoft.AspNetCore.Mvc.StatusCodeResult|Executing HttpStatusCodeResult, setting HTTP status code 204
2021-02-07 21:54:57.4188|INFO|Microsoft.AspNetCore.Mvc.Internal.ControllerActionInvoker|Executed action CityInfo.API.Controllers.PointOfInterestController.DeletePointOfInterest (CityInfo.API) in 81.0462ms
2021-02-07 21:54:57.4188|INFO|Microsoft.AspNetCore.Hosting.Internal.WebHost|Request finished in 91.9369ms 204 
2021-02-07 21:55:01.0904|INFO|Microsoft.AspNetCore.Hosting.Internal.WebHost|Request starting HTTP/1.1 GET http://localhost:1028/api/cities/1/pointsofinterest/1  
2021-02-07 21:55:01.0904|INFO|Microsoft.AspNetCore.Mvc.Internal.ControllerActionInvoker|Route matched with {action = "GetPointOfInterest", controller = "PointOfInterest"}. Executing controller action with signature Microsoft.AspNetCore.Mvc.IActionResult GetPointOfInterest(Int32, Int32) on controller CityInfo.API.Controllers.PointOfInterestController (CityInfo.API).
2021-02-07 21:55:01.0904|INFO|Microsoft.AspNetCore.Mvc.Internal.ControllerActionInvoker|Executing action method CityInfo.API.Controllers.PointOfInterestController.GetPointOfInterest (CityInfo.API) - Validation state: Valid
2021-02-07 21:55:01.0904|INFO|Microsoft.EntityFrameworkCore.Infrastructure|Entity Framework Core 2.1.14-servicing-32113 initialized 'CityInfoContext' using provider 'Microsoft.EntityFrameworkCore.SqlServer' with options: None
2021-02-07 21:55:01.1004|INFO|Microsoft.EntityFrameworkCore.Database.Command|Executed DbCommand (0ms) [Parameters=[@__cityId_0='?' (DbType = Int32)], CommandType='Text', CommandTimeout='30']
SELECT CASE
    WHEN EXISTS (
        SELECT 1
        FROM [Cities] AS [c]
        WHERE [c].[Id] = @__cityId_0)
    THEN CAST(1 AS BIT) ELSE CAST(0 AS BIT)
END
2021-02-07 21:55:01.1004|INFO|Microsoft.EntityFrameworkCore.Database.Command|Executed DbCommand (0ms) [Parameters=[@__cityId_0='?' (DbType = Int32), @__pointOfInterestId_1='?' (DbType = Int32)], CommandType='Text', CommandTimeout='30']
SELECT TOP(1) [p].[Id], [p].[CityId], [p].[Description], [p].[Name]
FROM [PointsOfInterest] AS [p]
WHERE ([p].[CityId] = @__cityId_0) AND ([p].[Id] = @__pointOfInterestId_1)
2021-02-07 21:55:01.1004|INFO|Microsoft.AspNetCore.Mvc.Internal.ControllerActionInvoker|Executed action method CityInfo.API.Controllers.PointOfInterestController.GetPointOfInterest (CityInfo.API), returned result Microsoft.AspNetCore.Mvc.NotFoundResult in 6.9351ms.
2021-02-07 21:55:01.1004|INFO|Microsoft.AspNetCore.Mvc.StatusCodeResult|Executing HttpStatusCodeResult, setting HTTP status code 404
2021-02-07 21:55:01.1004|INFO|Microsoft.AspNetCore.Mvc.Internal.ControllerActionInvoker|Executed action CityInfo.API.Controllers.PointOfInterestController.GetPointOfInterest (CityInfo.API) in 15.4658ms
2021-02-07 21:55:01.1004|INFO|Microsoft.AspNetCore.Hosting.Internal.WebHost|Request finished in 23.9302ms 404 text/plain
